<?xml version="1.0" encoding="UTF-8"?>
<testsuite xmlns:xsi="http://www.w3.org/2001/XMLSchema-instance" xsi:noNamespaceSchemaLocation="https://maven.apache.org/surefire/maven-surefire-plugin/xsd/surefire-test-report-3.0.xsd" version="3.0" name="br.edu.fatec.sjc.CheckoutServiceTest" time="1.851" tests="5" errors="0" skipped="0" failures="0">
  <properties>
[...]
</properties>
  <testcase name="semEstoque" classname="br.edu.fatec.sjc.CheckoutServiceTest" time="1.69">
    <system-err><![CDATA[WARNING: A Java agent has been loaded dynamically (C:\Users\Mari\.m2\repository\net\bytebuddy\byte-buddy-agent\1.14.8\byte-buddy-agent-1.14.8.jar)
WARNING: If a serviceability tool is in use, please run with -XX:+EnableDynamicAgentLoading to hide this warning
WARNING: If a serviceability tool is not in use, please run with -Djdk.instrument.traceUsage for more information
WARNING: Dynamic loading of agents will be disallowed by default in a future release
]]></system-err>
  </testcase>
  <testcase name="sucesso" classname="br.edu.fatec.sjc.CheckoutServiceTest" time="0.018"/>
  <testcase name="grandeQtd" classname="br.edu.fatec.sjc.CheckoutServiceTest" time="0.008"/>
  <testcase name="valorZero" classname="br.edu.fatec.sjc.CheckoutServiceTest" time="0.019"/>
  <testcase name="pagamentoNegado" classname="br.edu.fatec.sjc.CheckoutServiceTest" time="0.009"/>
</testsuite>